centos | SUCCESS => {
    "ansible_facts": {
        "ansible_all_ipv4_addresses": [
            "192.168.1.122"
        ],
        "ansible_all_ipv6_addresses": [
            "fe80::a00:27ff:fe52:2bb7"
        ],
        "ansible_apparmor": {
            "status": "disabled"
        },
        "ansible_architecture": "x86_64",
        "ansible_bios_date": "12/01/2006",
        "ansible_bios_vendor": "innotek GmbH",
        "ansible_bios_version": "VirtualBox",
        "ansible_board_asset_tag": "NA",
        "ansible_board_name": "VirtualBox",
        "ansible_board_serial": "0",
        "ansible_board_vendor": "Oracle Corporation",
        "ansible_board_version": "1.2",
        "ansible_chassis_asset_tag": "NA",
        "ansible_chassis_serial": "NA",
        "ansible_chassis_vendor": "Oracle Corporation",
        "ansible_chassis_version": "NA",
        "ansible_cmdline": {
            "BOOT_IMAGE": "/vmlinuz-3.10.0-1160.76.1.el7.x86_64",
            "LANG": "en_US.UTF-8",
            "quiet": true,
            "rd.lvm.lv": "centos/swap",
            "rhgb": true,
            "ro": true,
            "root": "/dev/mapper/centos-root"
        },
        "ansible_date_time": {
            "date": "2022-11-17",
            "day": "17",
            "epoch": "1668678119",
            "epoch_int": "1668678119",
            "hour": "15",
            "iso8601": "2022-11-17T09:41:59Z",
            "iso8601_basic": "20221117T151159798185",
            "iso8601_basic_short": "20221117T151159",
            "iso8601_micro": "2022-11-17T09:41:59.798185Z",
            "minute": "11",
            "month": "11",
            "second": "59",
            "time": "15:11:59",
            "tz": "IST",
            "tz_dst": "IST",
            "tz_offset": "+0530",
            "weekday": "Thursday",
            "weekday_number": "4",
            "weeknumber": "46",
            "year": "2022"
        },
        "ansible_default_ipv4": {
            "address": "192.168.1.122",
            "alias": "enp0s3",
            "broadcast": "192.168.1.255",
            "gateway": "192.168.1.1",
            "interface": "enp0s3",
            "macaddress": "08:00:27:52:2b:b7",
            "mtu": 1500,
            "netmask": "255.255.255.0",
            "network": "192.168.1.0",
            "type": "ether"
        },
        "ansible_default_ipv6": {},
        "ansible_device_links": {
            "ids": {
                "dm-0": [
                    "dm-name-centos-root",
                    "dm-uuid-LVM-0fVJphKXOM5xXHHq2UL3gP261VcfXhYkSuDLL23fZaJ6NyT89AqdTofsSCZyaTdR"
                ],
                "dm-1": [
                    "dm-name-centos-swap",
                    "dm-uuid-LVM-0fVJphKXOM5xXHHq2UL3gP261VcfXhYk6boW5MJCmVxv10GdEZWf7z3rzS6wdlWp"
                ],
                "sda": [
                    "ata-VBOX_HARDDISK_VB225d18d0-2376acc6"
                ],
                "sda1": [
                    "ata-VBOX_HARDDISK_VB225d18d0-2376acc6-part1"
                ],
                "sda2": [
                    "ata-VBOX_HARDDISK_VB225d18d0-2376acc6-part2",
                    "lvm-pv-uuid-UUWAtG-ITe3-QXiS-aoHb-Ym2o-TV21-Uo43v6"
                ],
                "sr0": [
                    "ata-VBOX_CD-ROM_VB2-01700376"
                ]
            },
            "labels": {},
            "masters": {
                "sda2": [
                    "dm-0",
                    "dm-1"
                ]
            },
            "uuids": {
                "dm-0": [
                    "9965bbfc-7872-4527-b354-57940807f6f6"
                ],
                "dm-1": [
                    "49a3c9b1-2fc7-4ab6-b078-7640495893b5"
                ],
                "sda1": [
                    "54ebb771-ff71-45db-bd46-22f52e4bb798"
                ]
            }
        },
        "ansible_devices": {
            "dm-0": {
                "holders": [],
                "host": "",
                "links": {
                    "ids": [
                        "dm-name-centos-root",
                        "dm-uuid-LVM-0fVJphKXOM5xXHHq2UL3gP261VcfXhYkSuDLL23fZaJ6NyT89AqdTofsSCZyaTdR"
                    ],
                    "labels": [],
                    "masters": [],
                    "uuids": [
                        "9965bbfc-7872-4527-b354-57940807f6f6"
                    ]
                },
                "model": null,
                "partitions": {},
                "removable": "0",
                "rotational": "0",
                "sas_address": null,
                "sas_device_handle": null,
                "scheduler_mode": "",
                "sectors": "77578240",
                "sectorsize": "512",
                "serial": "VB225d18d0",
                "size": "36.99 GB",
                "support_discard": "0",
                "vendor": null,
                "virtual": 1
            },
            "dm-1": {
                "holders": [],
                "host": "",
                "links": {
                    "ids": [
                        "dm-name-centos-swap",
                        "dm-uuid-LVM-0fVJphKXOM5xXHHq2UL3gP261VcfXhYk6boW5MJCmVxv10GdEZWf7z3rzS6wdlWp"
                    ],
                    "labels": [],
                    "masters": [],
                    "uuids": [
                        "49a3c9b1-2fc7-4ab6-b078-7640495893b5"
                    ]
                },
                "model": null,
                "partitions": {},
                "removable": "0",
                "rotational": "0",
                "sas_address": null,
                "sas_device_handle": null,
                "scheduler_mode": "",
                "sectors": "4194304",
                "sectorsize": "512",
                "serial": "VB225d18d0",
                "size": "2.00 GB",
                "support_discard": "0",
                "vendor": null,
                "virtual": 1
            },
            "sda": {
                "holders": [],
                "host": "SATA controller: Intel Corporation 82801HM/HEM (ICH8M/ICH8M-E) SATA Controller [AHCI mode] (rev 02)",
                "links": {
                    "ids": [
                        "ata-VBOX_HARDDISK_VB225d18d0-2376acc6"
                    ],
                    "labels": [],
                    "masters": [],
                    "uuids": []
                },
                "model": "VBOX HARDDISK",
                "partitions": {
                    "sda1": {
                        "holders": [],
                        "links": {
                            "ids": [
                                "ata-VBOX_HARDDISK_VB225d18d0-2376acc6-part1"
                            ],
                            "labels": [],
                            "masters": [],
                            "uuids": [
                                "54ebb771-ff71-45db-bd46-22f52e4bb798"
                            ]
                        },
                        "sectors": "2097152",
                        "sectorsize": 512,
                        "size": "1.00 GB",
                        "start": "2048",
                        "uuid": "54ebb771-ff71-45db-bd46-22f52e4bb798"
                    },
                    "sda2": {
                        "holders": [
                            "centos-root",
                            "centos-swap"
                        ],
                        "links": {
                            "ids": [
                                "ata-VBOX_HARDDISK_VB225d18d0-2376acc6-part2",
                                "lvm-pv-uuid-UUWAtG-ITe3-QXiS-aoHb-Ym2o-TV21-Uo43v6"
                            ],
                            "labels": [],
                            "masters": [
                                "dm-0",
                                "dm-1"
                            ],
                            "uuids": []
                        },
                        "sectors": "81786880",
                        "sectorsize": 512,
                        "size": "39.00 GB",
                        "start": "2099200",
                        "uuid": null
                    }
                },
                "removable": "0",
                "rotational": "0",
                "sas_address": null,
                "sas_device_handle": null,
                "scheduler_mode": "deadline",
                "sectors": "83886080",
                "sectorsize": "512",
                "serial": "VB225d18d0",
                "size": "40.00 GB",
                "support_discard": "0",
                "vendor": "ATA",
                "virtual": 1
            },
            "sr0": {
                "holders": [],
                "host": "IDE interface: Intel Corporation 82371AB/EB/MB PIIX4 IDE (rev 01)",
                "links": {
                    "ids": [
                        "ata-VBOX_CD-ROM_VB2-01700376"
                    ],
                    "labels": [],
                    "masters": [],
                    "uuids": []
                },
                "model": "CD-ROM",
                "partitions": {},
                "removable": "1",
                "rotational": "1",
                "sas_address": null,
                "sas_device_handle": null,
                "scheduler_mode": "deadline",
                "sectors": "2097151",
                "sectorsize": "512",
                "size": "1024.00 MB",
                "support_discard": "0",
                "vendor": "VBOX",
                "virtual": 1
            }
        },
        "ansible_distribution": "CentOS",
        "ansible_distribution_file_parsed": true,
        "ansible_distribution_file_path": "/etc/redhat-release",
        "ansible_distribution_file_variety": "RedHat",
        "ansible_distribution_major_version": "7",
        "ansible_distribution_release": "Core",
        "ansible_distribution_version": "7.9",
        "ansible_dns": {
            "nameservers": [
                "192.168.1.1"
            ],
            "search": [
                "example.com"
            ]
        },
        "ansible_domain": "example.com",
        "ansible_effective_group_id": 0,
        "ansible_effective_user_id": 0,
        "ansible_enp0s3": {
            "active": true,
            "device": "enp0s3",
            "features": {
                "busy_poll": "off [fixed]",
                "fcoe_mtu": "off [fixed]",
                "generic_receive_offload": "on",
                "generic_segmentation_offload": "on",
                "highdma": "off [fixed]",
                "hw_tc_offload": "off [fixed]",
                "l2_fwd_offload": "off [fixed]",
                "large_receive_offload": "off [fixed]",
                "loopback": "off [fixed]",
                "netns_local": "off [fixed]",
                "ntuple_filters": "off [fixed]",
                "receive_hashing": "off [fixed]",
                "rx_all": "off",
                "rx_checksumming": "off",
                "rx_fcs": "off",
                "rx_gro_hw": "off [fixed]",
                "rx_udp_tunnel_port_offload": "off [fixed]",
                "rx_vlan_filter": "on [fixed]",
                "rx_vlan_offload": "on",
                "rx_vlan_stag_filter": "off [fixed]",
                "rx_vlan_stag_hw_parse": "off [fixed]",
                "scatter_gather": "on",
                "tcp_segmentation_offload": "on",
                "tx_checksum_fcoe_crc": "off [fixed]",
                "tx_checksum_ip_generic": "on",
                "tx_checksum_ipv4": "off [fixed]",
                "tx_checksum_ipv6": "off [fixed]",
                "tx_checksum_sctp": "off [fixed]",
                "tx_checksumming": "on",
                "tx_fcoe_segmentation": "off [fixed]",
                "tx_gre_csum_segmentation": "off [fixed]",
                "tx_gre_segmentation": "off [fixed]",
                "tx_gso_partial": "off [fixed]",
                "tx_gso_robust": "off [fixed]",
                "tx_ipip_segmentation": "off [fixed]",
                "tx_lockless": "off [fixed]",
                "tx_nocache_copy": "off",
                "tx_scatter_gather": "on",
                "tx_scatter_gather_fraglist": "off [fixed]",
                "tx_sctp_segmentation": "off [fixed]",
                "tx_sit_segmentation": "off [fixed]",
                "tx_tcp6_segmentation": "off [fixed]",
                "tx_tcp_ecn_segmentation": "off [fixed]",
                "tx_tcp_mangleid_segmentation": "off",
                "tx_tcp_segmentation": "on",
                "tx_udp_tnl_csum_segmentation": "off [fixed]",
                "tx_udp_tnl_segmentation": "off [fixed]",
                "tx_vlan_offload": "on [fixed]",
                "tx_vlan_stag_hw_insert": "off [fixed]",
                "udp_fragmentation_offload": "off [fixed]",
                "vlan_challenged": "off [fixed]"
            },
            "hw_timestamp_filters": [],
            "ipv4": {
                "address": "192.168.1.122",
                "broadcast": "192.168.1.255",
                "netmask": "255.255.255.0",
                "network": "192.168.1.0"
            },
            "ipv6": [
                {
                    "address": "fe80::a00:27ff:fe52:2bb7",
                    "prefix": "64",
                    "scope": "link"
                }
            ],
            "macaddress": "08:00:27:52:2b:b7",
            "module": "e1000",
            "mtu": 1500,
            "pciid": "0000:00:03.0",
            "promisc": false,
            "speed": 1000,
            "timestamping": [
                "tx_software",
                "rx_software",
                "software"
            ],
            "type": "ether"
        },
        "ansible_env": {
            "HOME": "/root",
            "LANG": "en_US.UTF-8",
            "LOGNAME": "root",
            "LS_COLORS": "rs=0:di=01;34:ln=01;36:mh=00:pi=40;33:so=01;35:do=01;35:bd=40;33;01:cd=40;33;01:or=40;31;01:mi=01;05;37;41:su=37;41:sg=30;43:ca=30;41:tw=30;42:ow=34;42:st=37;44:ex=01;32:*.tar=01;31:*.tgz=01;31:*.arc=01;31:*.arj=01;31:*.taz=01;31:*.lha=01;31:*.lz4=01;31:*.lzh=01;31:*.lzma=01;31:*.tlz=01;31:*.txz=01;31:*.tzo=01;31:*.t7z=01;31:*.zip=01;31:*.z=01;31:*.Z=01;31:*.dz=01;31:*.gz=01;31:*.lrz=01;31:*.lz=01;31:*.lzo=01;31:*.xz=01;31:*.bz2=01;31:*.bz=01;31:*.tbz=01;31:*.tbz2=01;31:*.tz=01;31:*.deb=01;31:*.rpm=01;31:*.jar=01;31:*.war=01;31:*.ear=01;31:*.sar=01;31:*.rar=01;31:*.alz=01;31:*.ace=01;31:*.zoo=01;31:*.cpio=01;31:*.7z=01;31:*.rz=01;31:*.cab=01;31:*.jpg=01;35:*.jpeg=01;35:*.gif=01;35:*.bmp=01;35:*.pbm=01;35:*.pgm=01;35:*.ppm=01;35:*.tga=01;35:*.xbm=01;35:*.xpm=01;35:*.tif=01;35:*.tiff=01;35:*.png=01;35:*.svg=01;35:*.svgz=01;35:*.mng=01;35:*.pcx=01;35:*.mov=01;35:*.mpg=01;35:*.mpeg=01;35:*.m2v=01;35:*.mkv=01;35:*.webm=01;35:*.ogm=01;35:*.mp4=01;35:*.m4v=01;35:*.mp4v=01;35:*.vob=01;35:*.qt=01;35:*.nuv=01;35:*.wmv=01;35:*.asf=01;35:*.rm=01;35:*.rmvb=01;35:*.flc=01;35:*.avi=01;35:*.fli=01;35:*.flv=01;35:*.gl=01;35:*.dl=01;35:*.xcf=01;35:*.xwd=01;35:*.yuv=01;35:*.cgm=01;35:*.emf=01;35:*.axv=01;35:*.anx=01;35:*.ogv=01;35:*.ogx=01;35:*.aac=01;36:*.au=01;36:*.flac=01;36:*.mid=01;36:*.midi=01;36:*.mka=01;36:*.mp3=01;36:*.mpc=01;36:*.ogg=01;36:*.ra=01;36:*.wav=01;36:*.axa=01;36:*.oga=01;36:*.spx=01;36:*.xspf=01;36:",
            "MAIL": "/var/mail/ansible",
            "PATH": "/sbin:/bin:/usr/sbin:/usr/bin",
            "PWD": "/home/ansible",
            "SHELL": "/bin/bash",
            "SHLVL": "1",
            "SUDO_COMMAND": "/bin/sh -c echo BECOME-SUCCESS-gbbpngkeqycsdmgpyzfybteeskwuewmi ; /usr/bin/python /home/ansible/.ansible/tmp/ansible-tmp-1668678118.2535067-21060-45381441147036/AnsiballZ_setup.py",
            "SUDO_GID": "1001",
            "SUDO_UID": "1001",
            "SUDO_USER": "ansible",
            "TERM": "xterm",
            "USER": "root",
            "USERNAME": "root",
            "XDG_SESSION_ID": "52",
            "_": "/usr/bin/python"
        },
        "ansible_fibre_channel_wwn": [],
        "ansible_fips": false,
        "ansible_form_factor": "Other",
        "ansible_fqdn": "centos.example.com",
        "ansible_hostname": "centos",
        "ansible_hostnqn": "",
        "ansible_interfaces": [
            "lo",
            "enp0s3"
        ],
        "ansible_is_chroot": false,
        "ansible_iscsi_iqn": "iqn.1994-05.com.redhat:d2ace59126f7",
        "ansible_kernel": "3.10.0-1160.76.1.el7.x86_64",
        "ansible_kernel_version": "#1 SMP Wed Aug 10 16:21:17 UTC 2022",
        "ansible_lo": {
            "active": true,
            "device": "lo",
            "features": {
                "busy_poll": "off [fixed]",
                "fcoe_mtu": "off [fixed]",
                "generic_receive_offload": "on",
                "generic_segmentation_offload": "on",
                "highdma": "on [fixed]",
                "hw_tc_offload": "off [fixed]",
                "l2_fwd_offload": "off [fixed]",
                "large_receive_offload": "off [fixed]",
                "loopback": "on [fixed]",
                "netns_local": "on [fixed]",
                "ntuple_filters": "off [fixed]",
                "receive_hashing": "off [fixed]",
                "rx_all": "off [fixed]",
                "rx_checksumming": "on [fixed]",
                "rx_fcs": "off [fixed]",
                "rx_gro_hw": "off [fixed]",
                "rx_udp_tunnel_port_offload": "off [fixed]",
                "rx_vlan_filter": "off [fixed]",
                "rx_vlan_offload": "off [fixed]",
                "rx_vlan_stag_filter": "off [fixed]",
                "rx_vlan_stag_hw_parse": "off [fixed]",
                "scatter_gather": "on",
                "tcp_segmentation_offload": "on",
                "tx_checksum_fcoe_crc": "off [fixed]",
                "tx_checksum_ip_generic": "on [fixed]",
                "tx_checksum_ipv4": "off [fixed]",
                "tx_checksum_ipv6": "off [fixed]",
                "tx_checksum_sctp": "on [fixed]",
                "tx_checksumming": "on",
                "tx_fcoe_segmentation": "off [fixed]",
                "tx_gre_csum_segmentation": "off [fixed]",
                "tx_gre_segmentation": "off [fixed]",
                "tx_gso_partial": "off [fixed]",
                "tx_gso_robust": "off [fixed]",
                "tx_ipip_segmentation": "off [fixed]",
                "tx_lockless": "on [fixed]",
                "tx_nocache_copy": "off [fixed]",
                "tx_scatter_gather": "on [fixed]",
                "tx_scatter_gather_fraglist": "on [fixed]",
                "tx_sctp_segmentation": "on",
                "tx_sit_segmentation": "off [fixed]",
                "tx_tcp6_segmentation": "on",
                "tx_tcp_ecn_segmentation": "on",
                "tx_tcp_mangleid_segmentation": "on",
                "tx_tcp_segmentation": "on",
                "tx_udp_tnl_csum_segmentation": "off [fixed]",
                "tx_udp_tnl_segmentation": "off [fixed]",
                "tx_vlan_offload": "off [fixed]",
                "tx_vlan_stag_hw_insert": "off [fixed]",
                "udp_fragmentation_offload": "on",
                "vlan_challenged": "on [fixed]"
            },
            "hw_timestamp_filters": [],
            "ipv4": {
                "address": "127.0.0.1",
                "broadcast": "",
                "netmask": "255.0.0.0",
                "network": "127.0.0.0"
            },
            "ipv6": [
                {
                    "address": "::1",
                    "prefix": "128",
                    "scope": "host"
                }
            ],
            "mtu": 65536,
            "promisc": false,
            "timestamping": [
                "rx_software",
                "software"
            ],
            "type": "loopback"
        },
        "ansible_local": {},
        "ansible_lsb": {},
        "ansible_lvm": {
            "lvs": {
                "root": {
                    "size_g": "36.99",
                    "vg": "centos"
                },
                "swap": {
                    "size_g": "2.00",
                    "vg": "centos"
                }
            },
            "pvs": {
                "/dev/sda2": {
                    "free_g": "0.00",
                    "size_g": "39.00",
                    "vg": "centos"
                }
            },
            "vgs": {
                "centos": {
                    "free_g": "0.00",
                    "num_lvs": "2",
                    "num_pvs": "1",
                    "size_g": "39.00"
                }
            }
        },
        "ansible_machine": "x86_64",
        "ansible_machine_id": "fc66512da57ae04cb973c5c5c8b4bb59",
        "ansible_memfree_mb": 1649,
        "ansible_memory_mb": {
            "nocache": {
                "free": 1762,
                "used": 236
            },
            "real": {
                "free": 1649,
                "total": 1998,
                "used": 349
            },
            "swap": {
                "cached": 0,
                "free": 2047,
                "total": 2047,
                "used": 0
            }
        },
        "ansible_memtotal_mb": 1998,
        "ansible_mounts": [
            {
                "block_available": 215399,
                "block_size": 4096,
                "block_total": 259584,
                "block_used": 44185,
                "device": "/dev/sda1",
                "fstype": "xfs",
                "inode_available": 523956,
                "inode_total": 524288,
                "inode_used": 332,
                "mount": "/boot",
                "options": "rw,seclabel,relatime,attr2,inode64,noquota",
                "size_available": 882274304,
                "size_total": 1063256064,
                "uuid": "54ebb771-ff71-45db-bd46-22f52e4bb798"
            },
            {
                "block_available": 8741883,
                "block_size": 4096,
                "block_total": 9692545,
                "block_used": 950662,
                "device": "/dev/mapper/centos-root",
                "fstype": "xfs",
                "inode_available": 19330959,
                "inode_total": 19394560,
                "inode_used": 63601,
                "mount": "/",
                "options": "rw,seclabel,relatime,attr2,inode64,noquota",
                "size_available": 35806752768,
                "size_total": 39700664320,
                "uuid": "9965bbfc-7872-4527-b354-57940807f6f6"
            }
        ],
        "ansible_nodename": "centos.example.com",
        "ansible_os_family": "RedHat",
        "ansible_pkg_mgr": "yum",
        "ansible_proc_cmdline": {
            "BOOT_IMAGE": "/vmlinuz-3.10.0-1160.76.1.el7.x86_64",
            "LANG": "en_US.UTF-8",
            "quiet": true,
            "rd.lvm.lv": [
                "centos/root",
                "centos/swap"
            ],
            "rhgb": true,
            "ro": true,
            "root": "/dev/mapper/centos-root"
        },
        "ansible_processor": [
            "0",
            "GenuineIntel",
            "Intel(R) Core(TM) i5-3337U CPU @ 1.80GHz",
            "1",
            "GenuineIntel",
            "Intel(R) Core(TM) i5-3337U CPU @ 1.80GHz"
        ],
        "ansible_processor_cores": 2,
        "ansible_processor_count": 1,
        "ansible_processor_nproc": 2,
        "ansible_processor_threads_per_core": 1,
        "ansible_processor_vcpus": 2,
        "ansible_product_name": "VirtualBox",
        "ansible_product_serial": "0",
        "ansible_product_uuid": "FC66512D-A57A-E04C-B973-C5C5C8B4BB59",
        "ansible_product_version": "1.2",
        "ansible_python": {
            "executable": "/usr/bin/python",
            "has_sslcontext": true,
            "type": "CPython",
            "version": {
                "major": 2,
                "micro": 5,
                "minor": 7,
                "releaselevel": "final",
                "serial": 0
            },
            "version_info": [
                2,
                7,
                5,
                "final",
                0
            ]
        },
        "ansible_python_version": "2.7.5",
        "ansible_real_group_id": 0,
        "ansible_real_user_id": 0,
        "ansible_selinux": {
            "config_mode": "enforcing",
            "mode": "enforcing",
            "policyvers": 31,
            "status": "enabled",
            "type": "targeted"
        },
        "ansible_selinux_python_present": true,
        "ansible_service_mgr": "systemd",
        "ansible_ssh_host_key_ecdsa_public": "AAAAE2VjZHNhLXNoYTItbmlzdHAyNTYAAAAIbmlzdHAyNTYAAABBBOg1pOK7uW32G5VHOz3uu9l2sFXCocigEJg6Q/cB4yuYXTPv7WPeai8OGn9EPtw9QHlmRWGTtUOOAT/CpkQ2uC4=",
        "ansible_ssh_host_key_ecdsa_public_keytype": "ecdsa-sha2-nistp256",
        "ansible_ssh_host_key_ed25519_public": "AAAAC3NzaC1lZDI1NTE5AAAAIEIrl0oCMN03JcR4SJfyHYLI5OPN5p1Slwi3hzfbOy/X",
        "ansible_ssh_host_key_ed25519_public_keytype": "ssh-ed25519",
        "ansible_ssh_host_key_rsa_public": "AAAAB3NzaC1yc2EAAAADAQABAAABAQC7ReBwHjdxXzExQV8T90IDWe9zfmBDRerKK6NN/FQddqO+I774RZ/AWu5H/ZzkXHqxqJJstFQeD+/8WOMKrYnlUkQnBFqJvo+1KKTaFBpP5Mebog8vvf09r4pic0iy2s/uGb/6LJ549CXBKbYaNXQN19IVee37hYASaB9lyTO6gqTlzAA9x7TB5QwGTzpPBJv2qkgZQCFavPTr42ePC3mHvMsOT+xGYhsrmI1kYO5SBh+VlYts2r2fEYua3jTQs0oCguGheMuGryWmZ7bpdaAxTIfLvBlRZh1Yaedv3jnB3PuNVWYDSNC3/T7HM75q/Xiz2ey5kTaL/C8NYlT4mExV",
        "ansible_ssh_host_key_rsa_public_keytype": "ssh-rsa",
        "ansible_swapfree_mb": 2047,
        "ansible_swaptotal_mb": 2047,
        "ansible_system": "Linux",
        "ansible_system_capabilities": [
            "cap_chown",
            "cap_dac_override",
            "cap_dac_read_search",
            "cap_fowner",
            "cap_fsetid",
            "cap_kill",
            "cap_setgid",
            "cap_setuid",
            "cap_setpcap",
            "cap_linux_immutable",
            "cap_net_bind_service",
            "cap_net_broadcast",
            "cap_net_admin",
            "cap_net_raw",
            "cap_ipc_lock",
            "cap_ipc_owner",
            "cap_sys_module",
            "cap_sys_rawio",
            "cap_sys_chroot",
            "cap_sys_ptrace",
            "cap_sys_pacct",
            "cap_sys_admin",
            "cap_sys_boot",
            "cap_sys_nice",
            "cap_sys_resource",
            "cap_sys_time",
            "cap_sys_tty_config",
            "cap_mknod",
            "cap_lease",
            "cap_audit_write",
            "cap_audit_control",
            "cap_setfcap",
            "cap_mac_override",
            "cap_mac_admin",
            "cap_syslog",
            "35",
            "36+ep"
        ],
        "ansible_system_capabilities_enforced": "True",
        "ansible_system_vendor": "innotek GmbH",
        "ansible_uptime_seconds": 25721,
        "ansible_user_dir": "/root",
        "ansible_user_gecos": "root",
        "ansible_user_gid": 0,
        "ansible_user_id": "root",
        "ansible_user_shell": "/bin/bash",
        "ansible_user_uid": 0,
        "ansible_userspace_architecture": "x86_64",
        "ansible_userspace_bits": "64",
        "ansible_virtualization_role": "guest",
        "ansible_virtualization_tech_guest": [
            "virtualbox"
        ],
        "ansible_virtualization_tech_host": [],
        "ansible_virtualization_type": "virtualbox",
        "discovered_interpreter_python": "/usr/bin/python",
        "gather_subset": [
            "all"
        ],
        "module_setup": true
    },
    "changed": false
}
