ubuntu | SUCCESS => {
    "ansible_facts": {
        "ansible_all_ipv4_addresses": [
            "192.168.1.107"
        ],
        "ansible_all_ipv6_addresses": [
            "fe80::e008:9b6c:7839:dd3"
        ],
        "ansible_apparmor": {
            "status": "enabled"
        },
        "ansible_architecture": "x86_64",
        "ansible_bios_date": "12/01/2006",
        "ansible_bios_vendor": "innotek GmbH",
        "ansible_bios_version": "VirtualBox",
        "ansible_board_asset_tag": "NA",
        "ansible_board_name": "VirtualBox",
        "ansible_board_serial": "0",
        "ansible_board_vendor": "Oracle Corporation",
        "ansible_board_version": "1.2",
        "ansible_chassis_asset_tag": "NA",
        "ansible_chassis_serial": "NA",
        "ansible_chassis_vendor": "Oracle Corporation",
        "ansible_chassis_version": "NA",
        "ansible_cmdline": {
            "BOOT_IMAGE": "/boot/vmlinuz-5.15.0-52-generic",
            "quiet": true,
            "ro": true,
            "root": "/dev/mapper/vgubuntu-root",
            "splash": true
        },
        "ansible_date_time": {
            "date": "2022-11-17",
            "day": "17",
            "epoch": "1668678224",
            "epoch_int": "1668678224",
            "hour": "15",
            "iso8601": "2022-11-17T09:43:44Z",
            "iso8601_basic": "20221117T151344300951",
            "iso8601_basic_short": "20221117T151344",
            "iso8601_micro": "2022-11-17T09:43:44.300951Z",
            "minute": "13",
            "month": "11",
            "second": "44",
            "time": "15:13:44",
            "tz": "IST",
            "tz_dst": "IST",
            "tz_offset": "+0530",
            "weekday": "Thursday",
            "weekday_number": "4",
            "weeknumber": "46",
            "year": "2022"
        },
        "ansible_default_ipv4": {
            "address": "192.168.1.107",
            "alias": "enp0s3",
            "broadcast": "192.168.1.255",
            "gateway": "192.168.1.1",
            "interface": "enp0s3",
            "macaddress": "08:00:27:ec:42:0b",
            "mtu": 1500,
            "netmask": "255.255.255.0",
            "network": "192.168.1.0",
            "type": "ether"
        },
        "ansible_default_ipv6": {},
        "ansible_device_links": {
            "ids": {
                "dm-0": [
                    "dm-name-vgubuntu-root",
                    "dm-uuid-LVM-4sSVqoi8oiyfTQHBxrxXqHxqXr5vRr2HuJNdqcEzSCR51135d6kcXQLAtNvDjrk2"
                ],
                "dm-1": [
                    "dm-name-vgubuntu-swap_1",
                    "dm-uuid-LVM-4sSVqoi8oiyfTQHBxrxXqHxqXr5vRr2H0YLE7PP2uTnh1v8a4D942WNdCosRqmfB"
                ],
                "sda": [
                    "ata-VBOX_HARDDISK_VBaa84ad93-0365af8b"
                ],
                "sda1": [
                    "ata-VBOX_HARDDISK_VBaa84ad93-0365af8b-part1"
                ],
                "sda2": [
                    "ata-VBOX_HARDDISK_VBaa84ad93-0365af8b-part2"
                ],
                "sda3": [
                    "ata-VBOX_HARDDISK_VBaa84ad93-0365af8b-part3",
                    "lvm-pv-uuid-QQCmo2-p87X-RwNQ-P3py-tD8K-mo4F-chwgGL"
                ],
                "sr0": [
                    "ata-VBOX_CD-ROM_VB2-01700376"
                ]
            },
            "labels": {},
            "masters": {
                "sda3": [
                    "dm-0",
                    "dm-1"
                ]
            },
            "uuids": {
                "dm-0": [
                    "859c0f49-80fb-4cdd-9537-07081f995a0b"
                ],
                "dm-1": [
                    "901cfa73-6ae4-4605-af06-51568b4e8f31"
                ],
                "sda2": [
                    "B7E4-AB21"
                ]
            }
        },
        "ansible_devices": {
            "dm-0": {
                "holders": [],
                "host": "",
                "links": {
                    "ids": [
                        "dm-name-vgubuntu-root",
                        "dm-uuid-LVM-4sSVqoi8oiyfTQHBxrxXqHxqXr5vRr2HuJNdqcEzSCR51135d6kcXQLAtNvDjrk2"
                    ],
                    "labels": [],
                    "masters": [],
                    "uuids": [
                        "859c0f49-80fb-4cdd-9537-07081f995a0b"
                    ]
                },
                "model": null,
                "partitions": {},
                "removable": "0",
                "rotational": "1",
                "sas_address": null,
                "sas_device_handle": null,
                "scheduler_mode": "",
                "sectors": "93241344",
                "sectorsize": "512",
                "size": "44.46 GB",
                "support_discard": "0",
                "vendor": null,
                "virtual": 1
            },
            "dm-1": {
                "holders": [],
                "host": "",
                "links": {
                    "ids": [
                        "dm-name-vgubuntu-swap_1",
                        "dm-uuid-LVM-4sSVqoi8oiyfTQHBxrxXqHxqXr5vRr2H0YLE7PP2uTnh1v8a4D942WNdCosRqmfB"
                    ],
                    "labels": [],
                    "masters": [],
                    "uuids": [
                        "901cfa73-6ae4-4605-af06-51568b4e8f31"
                    ]
                },
                "model": null,
                "partitions": {},
                "removable": "0",
                "rotational": "1",
                "sas_address": null,
                "sas_device_handle": null,
                "scheduler_mode": "",
                "sectors": "10461184",
                "sectorsize": "512",
                "size": "4.99 GB",
                "support_discard": "0",
                "vendor": null,
                "virtual": 1
            },
            "loop0": {
                "holders": [],
                "host": "",
                "links": {
                    "ids": [],
                    "labels": [],
                    "masters": [],
                    "uuids": []
                },
                "model": null,
                "partitions": {},
                "removable": "0",
                "rotational": "1",
                "sas_address": null,
                "sas_device_handle": null,
                "scheduler_mode": "none",
                "sectors": "8",
                "sectorsize": "512",
                "size": "4.00 KB",
                "support_discard": "4096",
                "vendor": null,
                "virtual": 1
            },
            "loop1": {
                "holders": [],
                "host": "",
                "links": {
                    "ids": [],
                    "labels": [],
                    "masters": [],
                    "uuids": []
                },
                "model": null,
                "partitions": {},
                "removable": "0",
                "rotational": "1",
                "sas_address": null,
                "sas_device_handle": null,
                "scheduler_mode": "none",
                "sectors": "129424",
                "sectorsize": "512",
                "size": "63.20 MB",
                "support_discard": "4096",
                "vendor": null,
                "virtual": 1
            },
            "loop10": {
                "holders": [],
                "host": "",
                "links": {
                    "ids": [],
                    "labels": [],
                    "masters": [],
                    "uuids": []
                },
                "model": null,
                "partitions": {},
                "removable": "0",
                "rotational": "1",
                "sas_address": null,
                "sas_device_handle": null,
                "scheduler_mode": "none",
                "sectors": "96176",
                "sectorsize": "512",
                "size": "46.96 MB",
                "support_discard": "4096",
                "vendor": null,
                "virtual": 1
            },
            "loop11": {
                "holders": [],
                "host": "",
                "links": {
                    "ids": [],
                    "labels": [],
                    "masters": [],
                    "uuids": []
                },
                "model": null,
                "partitions": {},
                "removable": "0",
                "rotational": "1",
                "sas_address": null,
                "sas_device_handle": null,
                "scheduler_mode": "none",
                "sectors": "98280",
                "sectorsize": "512",
                "size": "47.99 MB",
                "support_discard": "4096",
                "vendor": null,
                "virtual": 1
            },
            "loop12": {
                "holders": [],
                "host": "",
                "links": {
                    "ids": [],
                    "labels": [],
                    "masters": [],
                    "uuids": []
                },
                "model": null,
                "partitions": {},
                "removable": "0",
                "rotational": "1",
                "sas_address": null,
                "sas_device_handle": null,
                "scheduler_mode": "none",
                "sectors": "568",
                "sectorsize": "512",
                "size": "284.00 KB",
                "support_discard": "4096",
                "vendor": null,
                "virtual": 1
            },
            "loop13": {
                "holders": [],
                "host": "",
                "links": {
                    "ids": [],
                    "labels": [],
                    "masters": [],
                    "uuids": []
                },
                "model": null,
                "partitions": {},
                "removable": "0",
                "rotational": "1",
                "sas_address": null,
                "sas_device_handle": null,
                "scheduler_mode": "none",
                "sectors": "0",
                "sectorsize": "512",
                "size": "0.00 Bytes",
                "support_discard": "4096",
                "vendor": null,
                "virtual": 1
            },
            "loop2": {
                "holders": [],
                "host": "",
                "links": {
                    "ids": [],
                    "labels": [],
                    "masters": [],
                    "uuids": []
                },
                "model": null,
                "partitions": {},
                "removable": "0",
                "rotational": "1",
                "sas_address": null,
                "sas_device_handle": null,
                "scheduler_mode": "none",
                "sectors": "129520",
                "sectorsize": "512",
                "size": "63.24 MB",
                "support_discard": "4096",
                "vendor": null,
                "virtual": 1
            },
            "loop3": {
                "holders": [],
                "host": "",
                "links": {
                    "ids": [],
                    "labels": [],
                    "masters": [],
                    "uuids": []
                },
                "model": null,
                "partitions": {},
                "removable": "0",
                "rotational": "1",
                "sas_address": null,
                "sas_device_handle": null,
                "scheduler_mode": "none",
                "sectors": "417120",
                "sectorsize": "512",
                "size": "203.67 MB",
                "support_discard": "4096",
                "vendor": null,
                "virtual": 1
            },
            "loop4": {
                "holders": [],
                "host": "",
                "links": {
                    "ids": [],
                    "labels": [],
                    "masters": [],
                    "uuids": []
                },
                "model": null,
                "partitions": {},
                "removable": "0",
                "rotational": "1",
                "sas_address": null,
                "sas_device_handle": null,
                "scheduler_mode": "none",
                "sectors": "488328",
                "sectorsize": "512",
                "size": "238.44 MB",
                "support_discard": "4096",
                "vendor": null,
                "virtual": 1
            },
            "loop5": {
                "holders": [],
                "host": "",
                "links": {
                    "ids": [],
                    "labels": [],
                    "masters": [],
                    "uuids": []
                },
                "model": null,
                "partitions": {},
                "removable": "0",
                "rotational": "1",
                "sas_address": null,
                "sas_device_handle": null,
                "scheduler_mode": "none",
                "sectors": "820832",
                "sectorsize": "512",
                "size": "400.80 MB",
                "support_discard": "4096",
                "vendor": null,
                "virtual": 1
            },
            "loop6": {
                "holders": [],
                "host": "",
                "links": {
                    "ids": [],
                    "labels": [],
                    "masters": [],
                    "uuids": []
                },
                "model": null,
                "partitions": {},
                "removable": "0",
                "rotational": "1",
                "sas_address": null,
                "sas_device_handle": null,
                "scheduler_mode": "none",
                "sectors": "709280",
                "sectorsize": "512",
                "size": "346.33 MB",
                "support_discard": "4096",
                "vendor": null,
                "virtual": 1
            },
            "loop7": {
                "holders": [],
                "host": "",
                "links": {
                    "ids": [],
                    "labels": [],
                    "masters": [],
                    "uuids": []
                },
                "model": null,
                "partitions": {},
                "removable": "0",
                "rotational": "1",
                "sas_address": null,
                "sas_device_handle": null,
                "scheduler_mode": "none",
                "sectors": "187776",
                "sectorsize": "512",
                "size": "91.69 MB",
                "support_discard": "4096",
                "vendor": null,
                "virtual": 1
            },
            "loop8": {
                "holders": [],
                "host": "",
                "links": {
                    "ids": [],
                    "labels": [],
                    "masters": [],
                    "uuids": []
                },
                "model": null,
                "partitions": {},
                "removable": "0",
                "rotational": "1",
                "sas_address": null,
                "sas_device_handle": null,
                "scheduler_mode": "none",
                "sectors": "93928",
                "sectorsize": "512",
                "size": "45.86 MB",
                "support_discard": "4096",
                "vendor": null,
                "virtual": 1
            },
            "loop9": {
                "holders": [],
                "host": "",
                "links": {
                    "ids": [],
                    "labels": [],
                    "masters": [],
                    "uuids": []
                },
                "model": null,
                "partitions": {},
                "removable": "0",
                "rotational": "1",
                "sas_address": null,
                "sas_device_handle": null,
                "scheduler_mode": "none",
                "sectors": "94056",
                "sectorsize": "512",
                "size": "45.93 MB",
                "support_discard": "4096",
                "vendor": null,
                "virtual": 1
            },
            "sda": {
                "holders": [],
                "host": "SATA controller: Intel Corporation 82801HM/HEM (ICH8M/ICH8M-E) SATA Controller [AHCI mode] (rev 02)",
                "links": {
                    "ids": [
                        "ata-VBOX_HARDDISK_VBaa84ad93-0365af8b"
                    ],
                    "labels": [],
                    "masters": [],
                    "uuids": []
                },
                "model": "VBOX HARDDISK",
                "partitions": {
                    "sda1": {
                        "holders": [],
                        "links": {
                            "ids": [
                                "ata-VBOX_HARDDISK_VBaa84ad93-0365af8b-part1"
                            ],
                            "labels": [],
                            "masters": [],
                            "uuids": []
                        },
                        "sectors": "2048",
                        "sectorsize": 512,
                        "size": "1.00 MB",
                        "start": "2048",
                        "uuid": null
                    },
                    "sda2": {
                        "holders": [],
                        "links": {
                            "ids": [
                                "ata-VBOX_HARDDISK_VBaa84ad93-0365af8b-part2"
                            ],
                            "labels": [],
                            "masters": [],
                            "uuids": [
                                "B7E4-AB21"
                            ]
                        },
                        "sectors": "1050624",
                        "sectorsize": 512,
                        "size": "513.00 MB",
                        "start": "4096",
                        "uuid": "B7E4-AB21"
                    },
                    "sda3": {
                        "holders": [
                            "vgubuntu-swap_1",
                            "vgubuntu-root"
                        ],
                        "links": {
                            "ids": [
                                "ata-VBOX_HARDDISK_VBaa84ad93-0365af8b-part3",
                                "lvm-pv-uuid-QQCmo2-p87X-RwNQ-P3py-tD8K-mo4F-chwgGL"
                            ],
                            "labels": [],
                            "masters": [
                                "dm-0",
                                "dm-1"
                            ],
                            "uuids": []
                        },
                        "sectors": "103800832",
                        "sectorsize": 512,
                        "size": "49.50 GB",
                        "start": "1054720",
                        "uuid": null
                    }
                },
                "removable": "0",
                "rotational": "1",
                "sas_address": null,
                "sas_device_handle": null,
                "scheduler_mode": "mq-deadline",
                "sectors": "104857600",
                "sectorsize": "512",
                "size": "50.00 GB",
                "support_discard": "0",
                "vendor": "ATA",
                "virtual": 1
            },
            "sr0": {
                "holders": [],
                "host": "IDE interface: Intel Corporation 82371AB/EB/MB PIIX4 IDE (rev 01)",
                "links": {
                    "ids": [
                        "ata-VBOX_CD-ROM_VB2-01700376"
                    ],
                    "labels": [],
                    "masters": [],
                    "uuids": []
                },
                "model": "CD-ROM",
                "partitions": {},
                "removable": "1",
                "rotational": "1",
                "sas_address": null,
                "sas_device_handle": null,
                "scheduler_mode": "mq-deadline",
                "sectors": "2097151",
                "sectorsize": "512",
                "size": "1024.00 MB",
                "support_discard": "0",
                "vendor": "VBOX",
                "virtual": 1
            }
        },
        "ansible_distribution": "Ubuntu",
        "ansible_distribution_file_parsed": true,
        "ansible_distribution_file_path": "/etc/os-release",
        "ansible_distribution_file_variety": "Debian",
        "ansible_distribution_major_version": "22",
        "ansible_distribution_release": "jammy",
        "ansible_distribution_version": "22.04",
        "ansible_dns": {
            "nameservers": [
                "127.0.0.53"
            ],
            "options": {
                "edns0": true,
                "trust-ad": true
            },
            "search": [
                "."
            ]
        },
        "ansible_domain": "example.com",
        "ansible_effective_group_id": 0,
        "ansible_effective_user_id": 0,
        "ansible_enp0s3": {
            "active": true,
            "device": "enp0s3",
            "features": {
                "esp_hw_offload": "off [fixed]",
                "esp_tx_csum_hw_offload": "off [fixed]",
                "fcoe_mtu": "off [fixed]",
                "generic_receive_offload": "on",
                "generic_segmentation_offload": "on",
                "highdma": "off [fixed]",
                "hsr_dup_offload": "off [fixed]",
                "hsr_fwd_offload": "off [fixed]",
                "hsr_tag_ins_offload": "off [fixed]",
                "hsr_tag_rm_offload": "off [fixed]",
                "hw_tc_offload": "off [fixed]",
                "l2_fwd_offload": "off [fixed]",
                "large_receive_offload": "off [fixed]",
                "loopback": "off [fixed]",
                "macsec_hw_offload": "off [fixed]",
                "netns_local": "off [fixed]",
                "ntuple_filters": "off [fixed]",
                "receive_hashing": "off [fixed]",
                "rx_all": "off",
                "rx_checksumming": "off",
                "rx_fcs": "off",
                "rx_gro_hw": "off [fixed]",
                "rx_gro_list": "off",
                "rx_udp_gro_forwarding": "off",
                "rx_udp_tunnel_port_offload": "off [fixed]",
                "rx_vlan_filter": "on [fixed]",
                "rx_vlan_offload": "on",
                "rx_vlan_stag_filter": "off [fixed]",
                "rx_vlan_stag_hw_parse": "off [fixed]",
                "scatter_gather": "on",
                "tcp_segmentation_offload": "on",
                "tls_hw_record": "off [fixed]",
                "tls_hw_rx_offload": "off [fixed]",
                "tls_hw_tx_offload": "off [fixed]",
                "tx_checksum_fcoe_crc": "off [fixed]",
                "tx_checksum_ip_generic": "on",
                "tx_checksum_ipv4": "off [fixed]",
                "tx_checksum_ipv6": "off [fixed]",
                "tx_checksum_sctp": "off [fixed]",
                "tx_checksumming": "on",
                "tx_esp_segmentation": "off [fixed]",
                "tx_fcoe_segmentation": "off [fixed]",
                "tx_gre_csum_segmentation": "off [fixed]",
                "tx_gre_segmentation": "off [fixed]",
                "tx_gso_list": "off [fixed]",
                "tx_gso_partial": "off [fixed]",
                "tx_gso_robust": "off [fixed]",
                "tx_ipxip4_segmentation": "off [fixed]",
                "tx_ipxip6_segmentation": "off [fixed]",
                "tx_lockless": "off [fixed]",
                "tx_nocache_copy": "off",
                "tx_scatter_gather": "on",
                "tx_scatter_gather_fraglist": "off [fixed]",
                "tx_sctp_segmentation": "off [fixed]",
                "tx_tcp6_segmentation": "off [fixed]",
                "tx_tcp_ecn_segmentation": "off [fixed]",
                "tx_tcp_mangleid_segmentation": "off",
                "tx_tcp_segmentation": "on",
                "tx_tunnel_remcsum_segmentation": "off [fixed]",
                "tx_udp_segmentation": "off [fixed]",
                "tx_udp_tnl_csum_segmentation": "off [fixed]",
                "tx_udp_tnl_segmentation": "off [fixed]",
                "tx_vlan_offload": "on [fixed]",
                "tx_vlan_stag_hw_insert": "off [fixed]",
                "vlan_challenged": "off [fixed]"
            },
            "hw_timestamp_filters": [],
            "ipv4": {
                "address": "192.168.1.107",
                "broadcast": "192.168.1.255",
                "netmask": "255.255.255.0",
                "network": "192.168.1.0"
            },
            "ipv6": [
                {
                    "address": "fe80::e008:9b6c:7839:dd3",
                    "prefix": "64",
                    "scope": "link"
                }
            ],
            "macaddress": "08:00:27:ec:42:0b",
            "module": "e1000",
            "mtu": 1500,
            "pciid": "0000:00:03.0",
            "promisc": false,
            "speed": 1000,
            "timestamping": [],
            "type": "ether"
        },
        "ansible_env": {
            "HOME": "/root",
            "LANG": "en_IN",
            "LANGUAGE": "en_IN:en",
            "LOGNAME": "root",
            "MAIL": "/var/mail/root",
            "PATH": "/usr/local/sbin:/usr/local/bin:/usr/sbin:/usr/bin:/sbin:/bin:/snap/bin",
            "PWD": "/home/ansible",
            "SHELL": "/bin/bash",
            "SUDO_COMMAND": "/bin/sh -c echo BECOME-SUCCESS-fnjmiqvanzyzimcoigtbpctqacvygbll ; /usr/bin/python3 /home/ansible/.ansible/tmp/ansible-tmp-1668678223.0764015-21194-71234048732133/AnsiballZ_setup.py",
            "SUDO_GID": "1001",
            "SUDO_UID": "1001",
            "SUDO_USER": "ansible",
            "TERM": "xterm",
            "USER": "root"
        },
        "ansible_fibre_channel_wwn": [],
        "ansible_fips": false,
        "ansible_form_factor": "Other",
        "ansible_fqdn": "ubuntu.example.com",
        "ansible_hostname": "ubuntu",
        "ansible_hostnqn": "",
        "ansible_interfaces": [
            "enp0s3",
            "lo"
        ],
        "ansible_is_chroot": false,
        "ansible_iscsi_iqn": "",
        "ansible_kernel": "5.15.0-52-generic",
        "ansible_kernel_version": "#58-Ubuntu SMP Thu Oct 13 08:03:55 UTC 2022",
        "ansible_lo": {
            "active": true,
            "device": "lo",
            "features": {
                "esp_hw_offload": "off [fixed]",
                "esp_tx_csum_hw_offload": "off [fixed]",
                "fcoe_mtu": "off [fixed]",
                "generic_receive_offload": "on",
                "generic_segmentation_offload": "on",
                "highdma": "on [fixed]",
                "hsr_dup_offload": "off [fixed]",
                "hsr_fwd_offload": "off [fixed]",
                "hsr_tag_ins_offload": "off [fixed]",
                "hsr_tag_rm_offload": "off [fixed]",
                "hw_tc_offload": "off [fixed]",
                "l2_fwd_offload": "off [fixed]",
                "large_receive_offload": "off [fixed]",
                "loopback": "on [fixed]",
                "macsec_hw_offload": "off [fixed]",
                "netns_local": "on [fixed]",
                "ntuple_filters": "off [fixed]",
                "receive_hashing": "off [fixed]",
                "rx_all": "off [fixed]",
                "rx_checksumming": "on [fixed]",
                "rx_fcs": "off [fixed]",
                "rx_gro_hw": "off [fixed]",
                "rx_gro_list": "off",
                "rx_udp_gro_forwarding": "off",
                "rx_udp_tunnel_port_offload": "off [fixed]",
                "rx_vlan_filter": "off [fixed]",
                "rx_vlan_offload": "off [fixed]",
                "rx_vlan_stag_filter": "off [fixed]",
                "rx_vlan_stag_hw_parse": "off [fixed]",
                "scatter_gather": "on",
                "tcp_segmentation_offload": "on",
                "tls_hw_record": "off [fixed]",
                "tls_hw_rx_offload": "off [fixed]",
                "tls_hw_tx_offload": "off [fixed]",
                "tx_checksum_fcoe_crc": "off [fixed]",
                "tx_checksum_ip_generic": "on [fixed]",
                "tx_checksum_ipv4": "off [fixed]",
                "tx_checksum_ipv6": "off [fixed]",
                "tx_checksum_sctp": "on [fixed]",
                "tx_checksumming": "on",
                "tx_esp_segmentation": "off [fixed]",
                "tx_fcoe_segmentation": "off [fixed]",
                "tx_gre_csum_segmentation": "off [fixed]",
                "tx_gre_segmentation": "off [fixed]",
                "tx_gso_list": "on",
                "tx_gso_partial": "off [fixed]",
                "tx_gso_robust": "off [fixed]",
                "tx_ipxip4_segmentation": "off [fixed]",
                "tx_ipxip6_segmentation": "off [fixed]",
                "tx_lockless": "on [fixed]",
                "tx_nocache_copy": "off [fixed]",
                "tx_scatter_gather": "on [fixed]",
                "tx_scatter_gather_fraglist": "on [fixed]",
                "tx_sctp_segmentation": "on",
                "tx_tcp6_segmentation": "on",
                "tx_tcp_ecn_segmentation": "on",
                "tx_tcp_mangleid_segmentation": "on",
                "tx_tcp_segmentation": "on",
                "tx_tunnel_remcsum_segmentation": "off [fixed]",
                "tx_udp_segmentation": "on",
                "tx_udp_tnl_csum_segmentation": "off [fixed]",
                "tx_udp_tnl_segmentation": "off [fixed]",
                "tx_vlan_offload": "off [fixed]",
                "tx_vlan_stag_hw_insert": "off [fixed]",
                "vlan_challenged": "on [fixed]"
            },
            "hw_timestamp_filters": [],
            "ipv4": {
                "address": "127.0.0.1",
                "broadcast": "",
                "netmask": "255.0.0.0",
                "network": "127.0.0.0"
            },
            "ipv6": [
                {
                    "address": "::1",
                    "prefix": "128",
                    "scope": "host"
                }
            ],
            "mtu": 65536,
            "promisc": false,
            "timestamping": [],
            "type": "loopback"
        },
        "ansible_local": {},
        "ansible_lsb": {
            "codename": "jammy",
            "description": "Ubuntu 22.04.1 LTS",
            "id": "Ubuntu",
            "major_release": "22",
            "release": "22.04"
        },
        "ansible_lvm": {
            "lvs": {
                "root": {
                    "size_g": "44.46",
                    "vg": "vgubuntu"
                },
                "swap_1": {
                    "size_g": "4.99",
                    "vg": "vgubuntu"
                }
            },
            "pvs": {
                "/dev/sda3": {
                    "free_g": "0.04",
                    "size_g": "49.49",
                    "vg": "vgubuntu"
                }
            },
            "vgs": {
                "vgubuntu": {
                    "free_g": "0.04",
                    "num_lvs": "2",
                    "num_pvs": "1",
                    "size_g": "49.49"
                }
            }
        },
        "ansible_machine": "x86_64",
        "ansible_machine_id": "8198a526cbb04aa6800ae43da8a04016",
        "ansible_memfree_mb": 570,
        "ansible_memory_mb": {
            "nocache": {
                "free": 1309,
                "used": 666
            },
            "real": {
                "free": 570,
                "total": 1975,
                "used": 1405
            },
            "swap": {
                "cached": 0,
                "free": 5107,
                "total": 5107,
                "used": 0
            }
        },
        "ansible_memtotal_mb": 1975,
        "ansible_mounts": [
            {
                "block_available": 8218189,
                "block_size": 4096,
                "block_total": 11393245,
                "block_used": 3175056,
                "device": "/dev/mapper/vgubuntu-root",
                "fstype": "ext4",
                "inode_available": 2691779,
                "inode_total": 2916352,
                "inode_used": 224573,
                "mount": "/",
                "options": "rw,relatime,errors=remount-ro",
                "size_available": 33661702144,
                "size_total": 46666731520,
                "uuid": "859c0f49-80fb-4cdd-9537-07081f995a0b"
            },
            {
                "block_available": 0,
                "block_size": 131072,
                "block_total": 1,
                "block_used": 1,
                "device": "/dev/loop0",
                "fstype": "squashfs",
                "inode_available": 0,
                "inode_total": 29,
                "inode_used": 29,
                "mount": "/snap/bare/5",
                "options": "ro,nodev,relatime,errors=continue",
                "size_available": 0,
                "size_total": 131072,
                "uuid": "N/A"
            },
            {
                "block_available": 0,
                "block_size": 131072,
                "block_total": 506,
                "block_used": 506,
                "device": "/dev/loop1",
                "fstype": "squashfs",
                "inode_available": 0,
                "inode_total": 11885,
                "inode_used": 11885,
                "mount": "/snap/core20/1634",
                "options": "ro,nodev,relatime,errors=continue",
                "size_available": 0,
                "size_total": 66322432,
                "uuid": "N/A"
            },
            {
                "block_available": 0,
                "block_size": 131072,
                "block_total": 506,
                "block_used": 506,
                "device": "/dev/loop2",
                "fstype": "squashfs",
                "inode_available": 0,
                "inode_total": 11897,
                "inode_used": 11897,
                "mount": "/snap/core20/1695",
                "options": "ro,nodev,relatime,errors=continue",
                "size_available": 0,
                "size_total": 66322432,
                "uuid": "N/A"
            },
            {
                "block_available": 0,
                "block_size": 131072,
                "block_total": 1908,
                "block_used": 1908,
                "device": "/dev/loop4",
                "fstype": "squashfs",
                "inode_available": 0,
                "inode_total": 726,
                "inode_used": 726,
                "mount": "/snap/firefox/2047",
                "options": "ro,nodev,relatime,errors=continue",
                "size_available": 0,
                "size_total": 250085376,
                "uuid": "N/A"
            },
            {
                "block_available": 0,
                "block_size": 131072,
                "block_total": 1630,
                "block_used": 1630,
                "device": "/dev/loop3",
                "fstype": "squashfs",
                "inode_available": 0,
                "inode_total": 578,
                "inode_used": 578,
                "mount": "/snap/firefox/2067",
                "options": "ro,nodev,relatime,errors=continue",
                "size_available": 0,
                "size_total": 213647360,
                "uuid": "N/A"
            },
            {
                "block_available": 0,
                "block_size": 131072,
                "block_total": 3207,
                "block_used": 3207,
                "device": "/dev/loop5",
                "fstype": "squashfs",
                "inode_available": 0,
                "inode_total": 18120,
                "inode_used": 18120,
                "mount": "/snap/gnome-3-38-2004/112",
                "options": "ro,nodev,relatime,errors=continue",
                "size_available": 0,
                "size_total": 420347904,
                "uuid": "N/A"
            },
            {
                "block_available": 0,
                "block_size": 131072,
                "block_total": 2771,
                "block_used": 2771,
                "device": "/dev/loop6",
                "fstype": "squashfs",
                "inode_available": 0,
                "inode_total": 18272,
                "inode_used": 18272,
                "mount": "/snap/gnome-3-38-2004/119",
                "options": "ro,nodev,relatime,errors=continue",
                "size_available": 0,
                "size_total": 363200512,
                "uuid": "N/A"
            },
            {
                "block_available": 0,
                "block_size": 131072,
                "block_total": 367,
                "block_used": 367,
                "device": "/dev/loop8",
                "fstype": "squashfs",
                "inode_available": 0,
                "inode_total": 17250,
                "inode_used": 17250,
                "mount": "/snap/snap-store/582",
                "options": "ro,nodev,relatime,errors=continue",
                "size_available": 0,
                "size_total": 48103424,
                "uuid": "N/A"
            },
            {
                "block_available": 0,
                "block_size": 131072,
                "block_total": 734,
                "block_used": 734,
                "device": "/dev/loop7",
                "fstype": "squashfs",
                "inode_available": 0,
                "inode_total": 76208,
                "inode_used": 76208,
                "mount": "/snap/gtk-common-themes/1535",
                "options": "ro,nodev,relatime,errors=continue",
                "size_available": 0,
                "size_total": 96206848,
                "uuid": "N/A"
            },
            {
                "block_available": 0,
                "block_size": 131072,
                "block_total": 376,
                "block_used": 376,
                "device": "/dev/loop10",
                "fstype": "squashfs",
                "inode_available": 0,
                "inode_total": 486,
                "inode_used": 486,
                "mount": "/snap/snapd/16292",
                "options": "ro,nodev,relatime,errors=continue",
                "size_available": 0,
                "size_total": 49283072,
                "uuid": "N/A"
            },
            {
                "block_available": 0,
                "block_size": 131072,
                "block_total": 384,
                "block_used": 384,
                "device": "/dev/loop11",
                "fstype": "squashfs",
                "inode_available": 0,
                "inode_total": 486,
                "inode_used": 486,
                "mount": "/snap/snapd/17336",
                "options": "ro,nodev,relatime,errors=continue",
                "size_available": 0,
                "size_total": 50331648,
                "uuid": "N/A"
            },
            {
                "block_available": 0,
                "block_size": 131072,
                "block_total": 368,
                "block_used": 368,
                "device": "/dev/loop9",
                "fstype": "squashfs",
                "inode_available": 0,
                "inode_total": 17275,
                "inode_used": 17275,
                "mount": "/snap/snap-store/599",
                "options": "ro,nodev,relatime,errors=continue",
                "size_available": 0,
                "size_total": 48234496,
                "uuid": "N/A"
            },
            {
                "block_available": 0,
                "block_size": 131072,
                "block_total": 3,
                "block_used": 3,
                "device": "/dev/loop12",
                "fstype": "squashfs",
                "inode_available": 0,
                "inode_total": 24,
                "inode_used": 24,
                "mount": "/snap/snapd-desktop-integration/14",
                "options": "ro,nodev,relatime,errors=continue",
                "size_available": 0,
                "size_total": 393216,
                "uuid": "N/A"
            },
            {
                "block_available": 8218189,
                "block_size": 4096,
                "block_total": 11393245,
                "block_used": 3175056,
                "device": "/dev/mapper/vgubuntu-root",
                "fstype": "ext4",
                "inode_available": 2691779,
                "inode_total": 2916352,
                "inode_used": 224573,
                "mount": "/var/snap/firefox/common/host-hunspell",
                "options": "ro,noexec,noatime,errors=remount-ro,bind",
                "size_available": 33661702144,
                "size_total": 46666731520,
                "uuid": "859c0f49-80fb-4cdd-9537-07081f995a0b"
            },
            {
                "block_available": 129722,
                "block_size": 4096,
                "block_total": 131063,
                "block_used": 1341,
                "device": "/dev/sda2",
                "fstype": "vfat",
                "inode_available": 0,
                "inode_total": 0,
                "inode_used": 0,
                "mount": "/boot/efi",
                "options": "rw,relatime,fmask=0077,dmask=0077,codepage=437,iocharset=iso8859-1,shortname=mixed,errors=remount-ro",
                "size_available": 531341312,
                "size_total": 536834048,
                "uuid": "B7E4-AB21"
            }
        ],
        "ansible_nodename": "ubuntu",
        "ansible_os_family": "Debian",
        "ansible_pkg_mgr": "apt",
        "ansible_proc_cmdline": {
            "BOOT_IMAGE": "/boot/vmlinuz-5.15.0-52-generic",
            "quiet": true,
            "ro": true,
            "root": "/dev/mapper/vgubuntu-root",
            "splash": true
        },
        "ansible_processor": [
            "0",
            "GenuineIntel",
            "Intel(R) Core(TM) i5-3337U CPU @ 1.80GHz",
            "1",
            "GenuineIntel",
            "Intel(R) Core(TM) i5-3337U CPU @ 1.80GHz"
        ],
        "ansible_processor_cores": 2,
        "ansible_processor_count": 1,
        "ansible_processor_nproc": 2,
        "ansible_processor_threads_per_core": 1,
        "ansible_processor_vcpus": 2,
        "ansible_product_name": "VirtualBox",
        "ansible_product_serial": "0",
        "ansible_product_uuid": "3e5b1cf2-ea0c-5d45-bdfc-b81a3e02c798",
        "ansible_product_version": "1.2",
        "ansible_python": {
            "executable": "/usr/bin/python3",
            "has_sslcontext": true,
            "type": "cpython",
            "version": {
                "major": 3,
                "micro": 6,
                "minor": 10,
                "releaselevel": "final",
                "serial": 0
            },
            "version_info": [
                3,
                10,
                6,
                "final",
                0
            ]
        },
        "ansible_python_version": "3.10.6",
        "ansible_real_group_id": 0,
        "ansible_real_user_id": 0,
        "ansible_selinux": {
            "status": "disabled"
        },
        "ansible_selinux_python_present": true,
        "ansible_service_mgr": "systemd",
        "ansible_ssh_host_key_ecdsa_public": "AAAAE2VjZHNhLXNoYTItbmlzdHAyNTYAAAAIbmlzdHAyNTYAAABBBN/FVb4EUbJjWwZqvdxveWVhseN0zmwOwN8vhGW6Bkk9EynVzztKB8ncKFIzA7hTa8A2ZIxc+7FtmQPnx52KuQ0=",
        "ansible_ssh_host_key_ecdsa_public_keytype": "ecdsa-sha2-nistp256",
        "ansible_ssh_host_key_ed25519_public": "AAAAC3NzaC1lZDI1NTE5AAAAIE/BGXMPE+/ARiHaUf8aAWJSu42c/MfrxXEm9znPyHQc",
        "ansible_ssh_host_key_ed25519_public_keytype": "ssh-ed25519",
        "ansible_ssh_host_key_rsa_public": "AAAAB3NzaC1yc2EAAAADAQABAAABgQCgbqjT/UJhEu0v3M6p9R+mzbADoLWZq2GvwyU2MTGgT5T56Qp8YlgytqyxtGA1mB6DZByoYeWrHRAXKokCXKaGUpwYuIa+4t1eLHzlUoAqg8DDEKZcRhOh6KI8esWzk5zxS5nHMrFN6gNHq9KcARccc5o0B9dY0PWQqbNfMKXmWDN6iSRHkpAFwYc/4wuLSQYQc1oct2BhWJTVqQp5wMWtzhaOxXv/gZSdV2mMDXKtOSyfl696D7k3qbPqnA0M/f8MKJQG5v64gzZc8qx27vhbCcA+iQaCbH69LB/ky0PPudUlFYR23+aIlIEQoPSE1MGOWYh53tP2CZKvkx2UU0VYOnEUTnAHuMoZrjuJMrJGB5lRt2VmMkGH+69q+nkhi4T0hDqETmyb/JVzeVgiomVLDo8o3vWZMrq7N62IdMV0gkhzwlN/wbBeJHgv5yPJgOyaPRK8PxDZMqR+MVicRHl6b8B5DmlRpCSBZvfuyLaJe9yB+5cH1ORsMvnMs8PabKE=",
        "ansible_ssh_host_key_rsa_public_keytype": "ssh-rsa",
        "ansible_swapfree_mb": 5107,
        "ansible_swaptotal_mb": 5107,
        "ansible_system": "Linux",
        "ansible_system_capabilities": [],
        "ansible_system_capabilities_enforced": "False",
        "ansible_system_vendor": "innotek GmbH",
        "ansible_uptime_seconds": 911,
        "ansible_user_dir": "/root",
        "ansible_user_gecos": "root",
        "ansible_user_gid": 0,
        "ansible_user_id": "root",
        "ansible_user_shell": "/bin/bash",
        "ansible_user_uid": 0,
        "ansible_userspace_architecture": "x86_64",
        "ansible_userspace_bits": "64",
        "ansible_virtualization_role": "guest",
        "ansible_virtualization_tech_guest": [
            "virtualbox"
        ],
        "ansible_virtualization_tech_host": [],
        "ansible_virtualization_type": "virtualbox",
        "discovered_interpreter_python": "/usr/bin/python3",
        "gather_subset": [
            "all"
        ],
        "module_setup": true
    },
    "changed": false
}
